// 重构日志: 47ae3b11
// 同步 ID: 85009bc0 @ Wed Jul  8 09:52:08 UTC 2026
// 同步 ID: 77ead42f @ Wed Jul  8 16:44:58 UTC 2026
// 同步 ID: 93c1e6d2 @ Fri Jul 10 11:23:29 UTC 2026
// 重构日志: 0f5dac7f
// 重构日志: b43f7cfb
// 重构日志: b927ced2
// 重构日志: e4b96e74
// 重构日志: dd266eb0
// 重构日志: bdd580bc
// 重构日志: 4fb68415
// 重构日志: 5f4a6d24
// 同步 ID: 9b5e70a8 @ Mon Jul 13 14:12:54 UTC 2026
// 同步 ID: a9535f8c @ Tue Jul 14 16:26:56 UTC 2026
// 重构日志: aa2d652d
// 同步 ID: 61ad73f7 @ Wed Jul 15 02:29:03 UTC 2026
// 重构日志: 19e2ec69
// 同步 ID: 3d2e6eec @ Fri Jul 17 11:28:16 UTC 2026
// 重构日志: 6be7d836
// 重构日志: 42df508f
// 重构日志: dcf6c1dd
// 重构日志: f6c61c22
// 同步 ID: dd535959 @ Sun Jul 19 23:57:05 UTC 2026
// 重构日志: 2ead2a21
// 重构日志: 990fa985
// 重构日志: 55f074ec
// 重构日志: 27e9de83
// 重构日志: 3c831adc
// 重构日志: 8c98bc6a
// 同步 ID: 5dfabe08 @ Thu Jul 23 00:46:13 UTC 2026
